<?xml version="1.0" encoding="UTF-8"?>
<!-- Generated by org.testng.reporters.JUnitXMLReporter -->
<testsuite ignored="0" hostname="LTRISHI" failures="1" tests="90" name="Test" time="53.471" errors="0" timestamp="04 Sep 2018 13:52:15 GMT">
  <testcase classname="CustomerPackage.Main_CustomerRegistration" name="@BeforeMethod setupTestMethod" time="8.288">
    <failure type="org.openqa.selenium.WebDriverException" message="unknown error: cannot determine loading status
from unknown error: cannot determine loading status
from disconnected: received Inspector.detached event
  (Session info: chrome=68.0.3440.106)
  (Driver info: chromedriver=2.37.543627 (63642262d9fb93fb4ab52398be4286d844092a5e),platform=Windows NT 10.0.17134 x86_64) (WARNING: The server did not provide any stacktrace information)
Command duration or timeout: 2.73 seconds
Build info: version: &amp;apos;2.53.1&amp;apos;, revision: &amp;apos;a36b8b1cd5757287168e54b817830adce9b0158d&amp;apos;, time: &amp;apos;2016-06-30 19:26:09&amp;apos;
System info: host: &amp;apos;LTRISHI&amp;apos;, ip: &amp;apos;192.168.1.138&amp;apos;, os.name: &amp;apos;Windows 10&amp;apos;, os.arch: &amp;apos;amd64&amp;apos;, os.version: &amp;apos;10.0&amp;apos;, java.version: &amp;apos;10.0.2&amp;apos;
Driver info: org.openqa.selenium.chrome.ChromeDriver
Capabilities [{applicationCacheEnabled=false, rotatable=false, mobileEmulationEnabled=false, networkConnectionEnabled=false, chrome={chromedriverVersion=2.37.543627 (63642262d9fb93fb4ab52398be4286d844092a5e), userDataDir=C:\Users\Saleena\AppData\Local\Temp\scoped_dir19908_12509}, takesHeapSnapshot=true, pageLoadStrategy=normal, databaseEnabled=false, handlesAlerts=true, hasTouchScreen=false, version=68.0.3440.106, platform=XP, browserConnectionEnabled=false, nativeEvents=true, acceptSslCerts=false, acceptInsecureCerts=false, locationContextEnabled=true, webStorageEnabled=true, browserName=chrome, takesScreenshot=true, javascriptEnabled=true, cssSelectorsEnabled=true, setWindowRect=true, unexpectedAlertBehaviour=}]
Session ID: 30c067ec2beaeb9d730ff98311e6a59c">
      <![CDATA[org.openqa.selenium.WebDriverException: unknown error: cannot determine loading status
from unknown error: cannot determine loading status
from disconnected: received Inspector.detached event
  (Session info: chrome=68.0.3440.106)
  (Driver info: chromedriver=2.37.543627 (63642262d9fb93fb4ab52398be4286d844092a5e),platform=Windows NT 10.0.17134 x86_64) (WARNING: The server did not provide any stacktrace information)
Command duration or timeout: 2.73 seconds
Build info: version: '2.53.1', revision: 'a36b8b1cd5757287168e54b817830adce9b0158d', time: '2016-06-30 19:26:09'
System info: host: 'LTRISHI', ip: '192.168.1.138', os.name: 'Windows 10', os.arch: 'amd64', os.version: '10.0', java.version: '10.0.2'
Driver info: org.openqa.selenium.chrome.ChromeDriver
Capabilities [{applicationCacheEnabled=false, rotatable=false, mobileEmulationEnabled=false, networkConnectionEnabled=false, chrome={chromedriverVersion=2.37.543627 (63642262d9fb93fb4ab52398be4286d844092a5e), userDataDir=C:\Users\Saleena\AppData\Local\Temp\scoped_dir19908_12509}, takesHeapSnapshot=true, pageLoadStrategy=normal, databaseEnabled=false, handlesAlerts=true, hasTouchScreen=false, version=68.0.3440.106, platform=XP, browserConnectionEnabled=false, nativeEvents=true, acceptSslCerts=false, acceptInsecureCerts=false, locationContextEnabled=true, webStorageEnabled=true, browserName=chrome, takesScreenshot=true, javascriptEnabled=true, cssSelectorsEnabled=true, setWindowRect=true, unexpectedAlertBehaviour=}]
Session ID: 30c067ec2beaeb9d730ff98311e6a59c
at org.openqa.selenium.remote.ErrorHandler.createThrowable(ErrorHandler.java:206)
at org.openqa.selenium.remote.ErrorHandler.throwIfResponseFailed(ErrorHandler.java:158)
at org.openqa.selenium.remote.RemoteWebDriver.execute(RemoteWebDriver.java:678)
at org.openqa.selenium.remote.RemoteWebDriver.get(RemoteWebDriver.java:316)
at CustomerPackage.Main_CustomerRegistration.setupTestMethod(Main_CustomerRegistration.java:44)
... Removed 32 stack frames]]>
    </failure>
  </testcase> <!-- @BeforeMethod setupTestMethod -->
  <testcase classname="CustomerPackage.Main_CustomerRegistration" name="@AfterMethod logout2" time="0.0">
    <skipped/>
  </testcase> <!-- @AfterMethod logout2 -->
  <testcase classname="CustomerPackage.Main_CustomerRegistration" name="@BeforeMethod setupTestMethod" time="0.0">
    <skipped/>
  </testcase> <!-- @BeforeMethod setupTestMethod -->
  <testcase classname="CustomerPackage.Main_CustomerRegistration" name="@AfterMethod logout2" time="0.0">
    <skipped/>
  </testcase> <!-- @AfterMethod logout2 -->
  <testcase classname="CustomerPackage.Main_CustomerRegistration" name="@BeforeMethod setupTestMethod" time="0.0">
    <skipped/>
  </testcase> <!-- @BeforeMethod setupTestMethod -->
  <testcase classname="CustomerPackage.Main_CustomerRegistration" name="@AfterMethod logout2" time="0.0">
    <skipped/>
  </testcase> <!-- @AfterMethod logout2 -->
  <testcase classname="CustomerPackage.Main_CustomerRegistration" name="@BeforeMethod setupTestMethod" time="0.0">
    <skipped/>
  </testcase> <!-- @BeforeMethod setupTestMethod -->
  <testcase classname="CustomerPackage.Main_CustomerRegistration" name="@AfterMethod logout2" time="0.0">
    <skipped/>
  </testcase> <!-- @AfterMethod logout2 -->
  <testcase classname="CustomerPackage.Main_CustomerRegistration" name="@BeforeMethod setupTestMethod" time="0.0">
    <skipped/>
  </testcase> <!-- @BeforeMethod setupTestMethod -->
  <testcase classname="CustomerPackage.Main_CustomerRegistration" name="@AfterMethod logout2" time="0.0">
    <skipped/>
  </testcase> <!-- @AfterMethod logout2 -->
  <testcase classname="CustomerPackage.Main_CustomerRegistration" name="@BeforeMethod setupTestMethod" time="0.0">
    <skipped/>
  </testcase> <!-- @BeforeMethod setupTestMethod -->
  <testcase classname="CustomerPackage.Main_CustomerRegistration" name="@AfterMethod logout2" time="0.0">
    <skipped/>
  </testcase> <!-- @AfterMethod logout2 -->
  <testcase classname="CustomerPackage.Main_CustomerRegistration" name="@BeforeMethod setupTestMethod" time="0.0">
    <skipped/>
  </testcase> <!-- @BeforeMethod setupTestMethod -->
  <testcase classname="CustomerPackage.Main_CustomerRegistration" name="@AfterMethod logout2" time="0.0">
    <skipped/>
  </testcase> <!-- @AfterMethod logout2 -->
  <testcase classname="CustomerPackage.Main_CustomerRegistration" name="@BeforeMethod setupTestMethod" time="0.0">
    <skipped/>
  </testcase> <!-- @BeforeMethod setupTestMethod -->
  <testcase classname="CustomerPackage.Main_CustomerRegistration" name="@AfterMethod logout2" time="0.0">
    <skipped/>
  </testcase> <!-- @AfterMethod logout2 -->
  <testcase classname="CustomerPackage.Main_CustomerRegistration" name="@BeforeMethod setupTestMethod" time="0.0">
    <skipped/>
  </testcase> <!-- @BeforeMethod setupTestMethod -->
  <testcase classname="CustomerPackage.Main_CustomerRegistration" name="@AfterMethod logout2" time="0.0">
    <skipped/>
  </testcase> <!-- @AfterMethod logout2 -->
  <testcase classname="CustomerPackage.Main_CustomerRegistration" name="@BeforeMethod setupTestMethod" time="0.0">
    <skipped/>
  </testcase> <!-- @BeforeMethod setupTestMethod -->
  <testcase classname="CustomerPackage.Main_CustomerRegistration" name="@AfterMethod logout2" time="0.0">
    <skipped/>
  </testcase> <!-- @AfterMethod logout2 -->
  <testcase classname="CustomerPackage.Main_CustomerRegistration" name="@BeforeMethod setupTestMethod" time="0.0">
    <skipped/>
  </testcase> <!-- @BeforeMethod setupTestMethod -->
  <testcase classname="CustomerPackage.Main_CustomerRegistration" name="@AfterMethod logout2" time="0.0">
    <skipped/>
  </testcase> <!-- @AfterMethod logout2 -->
  <testcase classname="CustomerPackage.Main_CustomerRegistration" name="@BeforeMethod setupTestMethod" time="0.0">
    <skipped/>
  </testcase> <!-- @BeforeMethod setupTestMethod -->
  <testcase classname="CustomerPackage.Main_CustomerRegistration" name="@AfterMethod logout2" time="0.0">
    <skipped/>
  </testcase> <!-- @AfterMethod logout2 -->
  <testcase classname="CustomerPackage.Main_CustomerRegistration" name="@BeforeMethod setupTestMethod" time="0.0">
    <skipped/>
  </testcase> <!-- @BeforeMethod setupTestMethod -->
  <testcase classname="CustomerPackage.Main_CustomerRegistration" name="@AfterMethod logout2" time="0.0">
    <skipped/>
  </testcase> <!-- @AfterMethod logout2 -->
  <testcase classname="CustomerPackage.Main_CustomerRegistration" name="@BeforeMethod setupTestMethod" time="0.0">
    <skipped/>
  </testcase> <!-- @BeforeMethod setupTestMethod -->
  <testcase classname="CustomerPackage.Main_CustomerRegistration" name="@AfterMethod logout2" time="0.0">
    <skipped/>
  </testcase> <!-- @AfterMethod logout2 -->
  <testcase classname="CustomerPackage.Main_CustomerRegistration" name="@BeforeMethod setupTestMethod" time="0.0">
    <skipped/>
  </testcase> <!-- @BeforeMethod setupTestMethod -->
  <testcase classname="CustomerPackage.Main_CustomerRegistration" name="@AfterMethod logout2" time="0.0">
    <skipped/>
  </testcase> <!-- @AfterMethod logout2 -->
  <testcase classname="CustomerPackage.Main_CustomerRegistration" name="@BeforeMethod setupTestMethod" time="0.0">
    <skipped/>
  </testcase> <!-- @BeforeMethod setupTestMethod -->
  <testcase classname="CustomerPackage.Main_CustomerRegistration" name="@AfterMethod logout2" time="0.0">
    <skipped/>
  </testcase> <!-- @AfterMethod logout2 -->
  <testcase classname="CustomerPackage.Main_CustomerRegistration" name="@BeforeMethod setupTestMethod" time="0.0">
    <skipped/>
  </testcase> <!-- @BeforeMethod setupTestMethod -->
  <testcase classname="CustomerPackage.Main_CustomerRegistration" name="@AfterMethod logout2" time="0.0">
    <skipped/>
  </testcase> <!-- @AfterMethod logout2 -->
  <testcase classname="CustomerPackage.Main_CustomerRegistration" name="@BeforeMethod setupTestMethod" time="0.0">
    <skipped/>
  </testcase> <!-- @BeforeMethod setupTestMethod -->
  <testcase classname="CustomerPackage.Main_CustomerRegistration" name="@AfterMethod logout2" time="0.0">
    <skipped/>
  </testcase> <!-- @AfterMethod logout2 -->
  <testcase classname="CustomerPackage.Main_CustomerRegistration" name="@BeforeMethod setupTestMethod" time="0.0">
    <skipped/>
  </testcase> <!-- @BeforeMethod setupTestMethod -->
  <testcase classname="CustomerPackage.Main_CustomerRegistration" name="@AfterMethod logout2" time="0.0">
    <skipped/>
  </testcase> <!-- @AfterMethod logout2 -->
  <testcase classname="CustomerPackage.Main_CustomerRegistration" name="@BeforeMethod setupTestMethod" time="0.0">
    <skipped/>
  </testcase> <!-- @BeforeMethod setupTestMethod -->
  <testcase classname="CustomerPackage.Main_CustomerRegistration" name="@AfterMethod logout2" time="0.0">
    <skipped/>
  </testcase> <!-- @AfterMethod logout2 -->
  <testcase classname="CustomerPackage.Main_CustomerRegistration" name="@BeforeMethod setupTestMethod" time="0.0">
    <skipped/>
  </testcase> <!-- @BeforeMethod setupTestMethod -->
  <testcase classname="CustomerPackage.Main_CustomerRegistration" name="@AfterMethod logout2" time="0.0">
    <skipped/>
  </testcase> <!-- @AfterMethod logout2 -->
  <testcase classname="CustomerPackage.Main_CustomerRegistration" name="@BeforeMethod setupTestMethod" time="0.0">
    <skipped/>
  </testcase> <!-- @BeforeMethod setupTestMethod -->
  <testcase classname="CustomerPackage.Main_CustomerRegistration" name="@AfterMethod logout2" time="0.0">
    <skipped/>
  </testcase> <!-- @AfterMethod logout2 -->
  <testcase classname="CustomerPackage.Main_CustomerRegistration" name="@BeforeMethod setupTestMethod" time="0.0">
    <skipped/>
  </testcase> <!-- @BeforeMethod setupTestMethod -->
  <testcase classname="CustomerPackage.Main_CustomerRegistration" name="@AfterMethod logout2" time="0.0">
    <skipped/>
  </testcase> <!-- @AfterMethod logout2 -->
  <testcase classname="CustomerPackage.Main_CustomerRegistration" name="@BeforeMethod setupTestMethod" time="0.0">
    <skipped/>
  </testcase> <!-- @BeforeMethod setupTestMethod -->
  <testcase classname="CustomerPackage.Main_CustomerRegistration" name="@AfterMethod logout2" time="0.0">
    <skipped/>
  </testcase> <!-- @AfterMethod logout2 -->
  <testcase classname="CustomerPackage.Main_CustomerRegistration" name="@BeforeMethod setupTestMethod" time="0.0">
    <skipped/>
  </testcase> <!-- @BeforeMethod setupTestMethod -->
  <testcase classname="CustomerPackage.Main_CustomerRegistration" name="@AfterMethod logout2" time="0.0">
    <skipped/>
  </testcase> <!-- @AfterMethod logout2 -->
  <testcase classname="CustomerPackage.Main_CustomerRegistration" name="@BeforeMethod setupTestMethod" time="0.0">
    <skipped/>
  </testcase> <!-- @BeforeMethod setupTestMethod -->
  <testcase classname="CustomerPackage.Main_CustomerRegistration" name="@AfterMethod logout2" time="0.0">
    <skipped/>
  </testcase> <!-- @AfterMethod logout2 -->
  <testcase classname="CustomerPackage.Main_CustomerRegistration" name="@BeforeMethod setupTestMethod" time="0.0">
    <skipped/>
  </testcase> <!-- @BeforeMethod setupTestMethod -->
  <testcase classname="CustomerPackage.Main_CustomerRegistration" name="@AfterMethod logout2" time="0.0">
    <skipped/>
  </testcase> <!-- @AfterMethod logout2 -->
  <testcase classname="CustomerPackage.Main_CustomerRegistration" name="@BeforeMethod setupTestMethod" time="0.0">
    <skipped/>
  </testcase> <!-- @BeforeMethod setupTestMethod -->
  <testcase classname="CustomerPackage.Main_CustomerRegistration" name="@AfterMethod logout2" time="0.0">
    <skipped/>
  </testcase> <!-- @AfterMethod logout2 -->
  <testcase classname="CustomerPackage.Main_CustomerRegistration" name="@BeforeMethod setupTestMethod" time="0.0">
    <skipped/>
  </testcase> <!-- @BeforeMethod setupTestMethod -->
  <testcase classname="CustomerPackage.Main_CustomerRegistration" name="@AfterMethod logout2" time="0.0">
    <skipped/>
  </testcase> <!-- @AfterMethod logout2 -->
  <testcase classname="CustomerPackage.Main_CustomerRegistration" name="@BeforeMethod setupTestMethod" time="0.0">
    <skipped/>
  </testcase> <!-- @BeforeMethod setupTestMethod -->
  <testcase classname="CustomerPackage.Main_CustomerRegistration" name="@AfterMethod logout2" time="0.0">
    <skipped/>
  </testcase> <!-- @AfterMethod logout2 -->
  <testcase classname="CustomerPackage.Main_CustomerRegistration" name="@BeforeMethod setupTestMethod" time="0.0">
    <skipped/>
  </testcase> <!-- @BeforeMethod setupTestMethod -->
  <testcase classname="CustomerPackage.Main_CustomerRegistration" name="@AfterMethod logout2" time="0.0">
    <skipped/>
  </testcase> <!-- @AfterMethod logout2 -->
  <testcase classname="CustomerPackage.Main_CustomerRegistration" name="@BeforeMethod setupTestMethod" time="0.0">
    <skipped/>
  </testcase> <!-- @BeforeMethod setupTestMethod -->
  <testcase classname="CustomerPackage.Main_CustomerRegistration" name="@AfterMethod logout2" time="0.0">
    <skipped/>
  </testcase> <!-- @AfterMethod logout2 -->
  <testcase classname="CustomerPackage.Main_CustomerRegistration" name="@BeforeMethod setupTestMethod" time="0.0">
    <skipped/>
  </testcase> <!-- @BeforeMethod setupTestMethod -->
  <testcase classname="CustomerPackage.Main_CustomerRegistration" name="@AfterMethod logout2" time="0.0">
    <skipped/>
  </testcase> <!-- @AfterMethod logout2 -->
  <testcase classname="CustomerPackage.Main_CustomerRegistration" name="@BeforeMethod setupTestMethod" time="0.0">
    <skipped/>
  </testcase> <!-- @BeforeMethod setupTestMethod -->
  <testcase classname="CustomerPackage.Main_CustomerRegistration" name="@AfterMethod logout2" time="0.0">
    <skipped/>
  </testcase> <!-- @AfterMethod logout2 -->
  <testcase classname="CustomerPackage.Main_CustomerRegistration" name="@BeforeMethod setupTestMethod" time="0.0">
    <skipped/>
  </testcase> <!-- @BeforeMethod setupTestMethod -->
  <testcase classname="CustomerPackage.Main_CustomerRegistration" name="@AfterMethod logout2" time="0.0">
    <skipped/>
  </testcase> <!-- @AfterMethod logout2 -->
  <testcase classname="CustomerPackage.Main_CustomerRegistration" name="@BeforeMethod setupTestMethod" time="0.0">
    <skipped/>
  </testcase> <!-- @BeforeMethod setupTestMethod -->
  <testcase classname="CustomerPackage.Main_CustomerRegistration" name="@AfterMethod logout2" time="0.0">
    <skipped/>
  </testcase> <!-- @AfterMethod logout2 -->
  <testcase classname="CustomerPackage.Main_CustomerRegistration" name="@BeforeMethod setupTestMethod" time="0.0">
    <skipped/>
  </testcase> <!-- @BeforeMethod setupTestMethod -->
  <testcase classname="CustomerPackage.Main_CustomerRegistration" name="@AfterMethod logout2" time="0.0">
    <skipped/>
  </testcase> <!-- @AfterMethod logout2 -->
  <testcase classname="CustomerPackage.Main_CustomerRegistration" name="@BeforeMethod setupTestMethod" time="0.0">
    <skipped/>
  </testcase> <!-- @BeforeMethod setupTestMethod -->
  <testcase classname="CustomerPackage.Main_CustomerRegistration" name="@AfterMethod logout2" time="0.0">
    <skipped/>
  </testcase> <!-- @AfterMethod logout2 -->
  <testcase classname="CustomerPackage.Main_CustomerRegistration" name="@BeforeMethod setupTestMethod" time="0.0">
    <skipped/>
  </testcase> <!-- @BeforeMethod setupTestMethod -->
  <testcase classname="CustomerPackage.Main_CustomerRegistration" name="@AfterMethod logout2" time="0.0">
    <skipped/>
  </testcase> <!-- @AfterMethod logout2 -->
  <testcase classname="CustomerPackage.Main_CustomerRegistration" name="@BeforeMethod setupTestMethod" time="0.0">
    <skipped/>
  </testcase> <!-- @BeforeMethod setupTestMethod -->
  <testcase classname="CustomerPackage.Main_CustomerRegistration" name="@AfterMethod logout2" time="0.0">
    <skipped/>
  </testcase> <!-- @AfterMethod logout2 -->
  <testcase classname="CustomerPackage.Main_CustomerRegistration" name="@BeforeMethod setupTestMethod" time="0.0">
    <skipped/>
  </testcase> <!-- @BeforeMethod setupTestMethod -->
  <testcase classname="CustomerPackage.Main_CustomerRegistration" name="@AfterMethod logout2" time="0.0">
    <skipped/>
  </testcase> <!-- @AfterMethod logout2 -->
  <testcase classname="CustomerPackage.Main_CustomerRegistration" name="@BeforeMethod setupTestMethod" time="0.0">
    <skipped/>
  </testcase> <!-- @BeforeMethod setupTestMethod -->
  <testcase classname="CustomerPackage.Main_CustomerRegistration" name="@AfterMethod logout2" time="0.0">
    <skipped/>
  </testcase> <!-- @AfterMethod logout2 -->
  <testcase classname="CustomerPackage.Main_CustomerRegistration" name="@BeforeMethod setupTestMethod" time="0.0">
    <skipped/>
  </testcase> <!-- @BeforeMethod setupTestMethod -->
  <testcase classname="CustomerPackage.Main_CustomerRegistration" name="@AfterMethod logout2" time="0.0">
    <skipped/>
  </testcase> <!-- @AfterMethod logout2 -->
  <testcase classname="CustomerPackage.Main_CustomerRegistration" name="@BeforeMethod setupTestMethod" time="0.0">
    <skipped/>
  </testcase> <!-- @BeforeMethod setupTestMethod -->
  <testcase classname="CustomerPackage.Main_CustomerRegistration" name="@AfterMethod logout2" time="0.0">
    <skipped/>
  </testcase> <!-- @AfterMethod logout2 -->
  <testcase classname="CustomerPackage.Main_CustomerRegistration" name="@BeforeMethod setupTestMethod" time="0.0">
    <skipped/>
  </testcase> <!-- @BeforeMethod setupTestMethod -->
  <testcase classname="CustomerPackage.Main_CustomerRegistration" name="@AfterMethod logout2" time="0.0">
    <skipped/>
  </testcase> <!-- @AfterMethod logout2 -->
  <testcase classname="CustomerPackage.Main_CustomerRegistration" name="@BeforeMethod setupTestMethod" time="0.0">
    <skipped/>
  </testcase> <!-- @BeforeMethod setupTestMethod -->
  <testcase classname="CustomerPackage.Main_CustomerRegistration" name="@AfterMethod logout2" time="0.0">
    <skipped/>
  </testcase> <!-- @AfterMethod logout2 -->
  <testcase classname="CustomerPackage.Main_CustomerRegistration" name="@BeforeMethod setupTestMethod" time="0.0">
    <skipped/>
  </testcase> <!-- @BeforeMethod setupTestMethod -->
  <testcase classname="CustomerPackage.Main_CustomerRegistration" name="@AfterMethod logout2" time="0.0">
    <skipped/>
  </testcase> <!-- @AfterMethod logout2 -->
  <testcase classname="CustomerPackage.Main_CustomerRegistration" name="@BeforeMethod setupTestMethod" time="0.0">
    <skipped/>
  </testcase> <!-- @BeforeMethod setupTestMethod -->
  <testcase classname="CustomerPackage.Main_CustomerRegistration" name="@AfterMethod logout2" time="0.0">
    <skipped/>
  </testcase> <!-- @AfterMethod logout2 -->
  <testcase classname="CustomerPackage.Main_CustomerRegistration" name="@BeforeMethod setupTestMethod" time="0.0">
    <skipped/>
  </testcase> <!-- @BeforeMethod setupTestMethod -->
  <testcase classname="CustomerPackage.Main_CustomerRegistration" name="@AfterMethod logout2" time="0.0">
    <skipped/>
  </testcase> <!-- @AfterMethod logout2 -->
  <testcase classname="CustomerPackage.Main_CustomerRegistration" name="@BeforeMethod setupTestMethod" time="0.0">
    <skipped/>
  </testcase> <!-- @BeforeMethod setupTestMethod -->
  <testcase classname="CustomerPackage.Main_CustomerRegistration" name="@AfterMethod logout2" time="0.0">
    <skipped/>
  </testcase> <!-- @AfterMethod logout2 -->
  <testcase classname="CustomerPackage.Main_CustomerRegistration" name="@BeforeMethod setupTestMethod" time="0.0">
    <skipped/>
  </testcase> <!-- @BeforeMethod setupTestMethod -->
  <testcase classname="CustomerPackage.Main_CustomerRegistration" name="@AfterMethod logout2" time="0.0">
    <skipped/>
  </testcase> <!-- @AfterMethod logout2 -->
  <testcase classname="CustomerPackage.Main_CustomerRegistration" name="@BeforeMethod setupTestMethod" time="0.0">
    <skipped/>
  </testcase> <!-- @BeforeMethod setupTestMethod -->
  <testcase classname="CustomerPackage.Main_CustomerRegistration" name="@AfterMethod logout2" time="0.0">
    <skipped/>
  </testcase> <!-- @AfterMethod logout2 -->
  <testcase classname="CustomerPackage.Main_CustomerRegistration" name="@BeforeMethod setupTestMethod" time="0.0">
    <skipped/>
  </testcase> <!-- @BeforeMethod setupTestMethod -->
  <testcase classname="CustomerPackage.Main_CustomerRegistration" name="@AfterMethod logout2" time="0.0">
    <skipped/>
  </testcase> <!-- @AfterMethod logout2 -->
  <testcase classname="CustomerPackage.Main_CustomerRegistration" name="@BeforeMethod setupTestMethod" time="0.0">
    <skipped/>
  </testcase> <!-- @BeforeMethod setupTestMethod -->
  <testcase classname="CustomerPackage.Main_CustomerRegistration" name="@AfterMethod logout2" time="0.0">
    <skipped/>
  </testcase> <!-- @AfterMethod logout2 -->
  <testcase classname="CustomerPackage.Main_CustomerRegistration" name="@BeforeMethod setupTestMethod" time="0.0">
    <skipped/>
  </testcase> <!-- @BeforeMethod setupTestMethod -->
  <testcase classname="CustomerPackage.Main_CustomerRegistration" name="@AfterMethod logout2" time="0.0">
    <skipped/>
  </testcase> <!-- @AfterMethod logout2 -->
  <testcase classname="CustomerPackage.Main_CustomerRegistration" name="@BeforeMethod setupTestMethod" time="0.0">
    <skipped/>
  </testcase> <!-- @BeforeMethod setupTestMethod -->
  <testcase classname="CustomerPackage.Main_CustomerRegistration" name="@AfterMethod logout2" time="0.0">
    <skipped/>
  </testcase> <!-- @AfterMethod logout2 -->
  <testcase classname="CustomerPackage.Main_CustomerRegistration" name="@BeforeMethod setupTestMethod" time="0.0">
    <skipped/>
  </testcase> <!-- @BeforeMethod setupTestMethod -->
  <testcase classname="CustomerPackage.Main_CustomerRegistration" name="@AfterMethod logout2" time="0.0">
    <skipped/>
  </testcase> <!-- @AfterMethod logout2 -->
  <testcase classname="CustomerPackage.Main_CustomerRegistration" name="@BeforeMethod setupTestMethod" time="0.0">
    <skipped/>
  </testcase> <!-- @BeforeMethod setupTestMethod -->
  <testcase classname="CustomerPackage.Main_CustomerRegistration" name="@AfterMethod logout2" time="0.0">
    <skipped/>
  </testcase> <!-- @AfterMethod logout2 -->
  <testcase classname="CustomerPackage.Main_CustomerRegistration" name="@BeforeMethod setupTestMethod" time="0.0">
    <skipped/>
  </testcase> <!-- @BeforeMethod setupTestMethod -->
  <testcase classname="CustomerPackage.Main_CustomerRegistration" name="@AfterMethod logout2" time="0.0">
    <skipped/>
  </testcase> <!-- @AfterMethod logout2 -->
  <testcase classname="CustomerPackage.Main_CustomerRegistration" name="@BeforeMethod setupTestMethod" time="0.0">
    <skipped/>
  </testcase> <!-- @BeforeMethod setupTestMethod -->
  <testcase classname="CustomerPackage.Main_CustomerRegistration" name="@AfterMethod logout2" time="0.0">
    <skipped/>
  </testcase> <!-- @AfterMethod logout2 -->
  <testcase classname="CustomerPackage.Main_CustomerRegistration" name="@BeforeMethod setupTestMethod" time="0.0">
    <skipped/>
  </testcase> <!-- @BeforeMethod setupTestMethod -->
  <testcase classname="CustomerPackage.Main_CustomerRegistration" name="@AfterMethod logout2" time="0.0">
    <skipped/>
  </testcase> <!-- @AfterMethod logout2 -->
  <testcase classname="CustomerPackage.Main_CustomerRegistration" name="@BeforeMethod setupTestMethod" time="0.0">
    <skipped/>
  </testcase> <!-- @BeforeMethod setupTestMethod -->
  <testcase classname="CustomerPackage.Main_CustomerRegistration" name="@AfterMethod logout2" time="0.0">
    <skipped/>
  </testcase> <!-- @AfterMethod logout2 -->
  <testcase classname="CustomerPackage.Main_CustomerRegistration" name="@BeforeMethod setupTestMethod" time="0.0">
    <skipped/>
  </testcase> <!-- @BeforeMethod setupTestMethod -->
  <testcase classname="CustomerPackage.Main_CustomerRegistration" name="@AfterMethod logout2" time="0.0">
    <skipped/>
  </testcase> <!-- @AfterMethod logout2 -->
  <testcase classname="CustomerPackage.Main_CustomerRegistration" name="@BeforeMethod setupTestMethod" time="0.0">
    <skipped/>
  </testcase> <!-- @BeforeMethod setupTestMethod -->
  <testcase classname="CustomerPackage.Main_CustomerRegistration" name="@AfterMethod logout2" time="0.0">
    <skipped/>
  </testcase> <!-- @AfterMethod logout2 -->
  <testcase classname="CustomerPackage.Main_CustomerRegistration" name="@BeforeMethod setupTestMethod" time="0.0">
    <skipped/>
  </testcase> <!-- @BeforeMethod setupTestMethod -->
  <testcase classname="CustomerPackage.Main_CustomerRegistration" name="@AfterMethod logout2" time="0.0">
    <skipped/>
  </testcase> <!-- @AfterMethod logout2 -->
  <testcase classname="CustomerPackage.Main_CustomerRegistration" name="@BeforeMethod setupTestMethod" time="0.0">
    <skipped/>
  </testcase> <!-- @BeforeMethod setupTestMethod -->
  <testcase classname="CustomerPackage.Main_CustomerRegistration" name="@AfterMethod logout2" time="0.0">
    <skipped/>
  </testcase> <!-- @AfterMethod logout2 -->
  <testcase classname="CustomerPackage.Main_CustomerRegistration" name="@BeforeMethod setupTestMethod" time="0.0">
    <skipped/>
  </testcase> <!-- @BeforeMethod setupTestMethod -->
  <testcase classname="CustomerPackage.Main_CustomerRegistration" name="@AfterMethod logout2" time="0.0">
    <skipped/>
  </testcase> <!-- @AfterMethod logout2 -->
  <testcase classname="CustomerPackage.Main_CustomerRegistration" name="@BeforeMethod setupTestMethod" time="0.0">
    <skipped/>
  </testcase> <!-- @BeforeMethod setupTestMethod -->
  <testcase classname="CustomerPackage.Main_CustomerRegistration" name="@AfterMethod logout2" time="0.0">
    <skipped/>
  </testcase> <!-- @AfterMethod logout2 -->
  <testcase classname="CustomerPackage.Main_CustomerRegistration" name="@BeforeMethod setupTestMethod" time="0.0">
    <skipped/>
  </testcase> <!-- @BeforeMethod setupTestMethod -->
  <testcase classname="CustomerPackage.Main_CustomerRegistration" name="@AfterMethod logout2" time="0.0">
    <skipped/>
  </testcase> <!-- @AfterMethod logout2 -->
  <testcase classname="CustomerPackage.Main_CustomerRegistration" name="@BeforeMethod setupTestMethod" time="0.0">
    <skipped/>
  </testcase> <!-- @BeforeMethod setupTestMethod -->
  <testcase classname="CustomerPackage.Main_CustomerRegistration" name="@AfterMethod logout2" time="0.0">
    <skipped/>
  </testcase> <!-- @AfterMethod logout2 -->
  <testcase classname="CustomerPackage.Main_CustomerRegistration" name="@BeforeMethod setupTestMethod" time="0.0">
    <skipped/>
  </testcase> <!-- @BeforeMethod setupTestMethod -->
  <testcase classname="CustomerPackage.Main_CustomerRegistration" name="@AfterMethod logout2" time="0.0">
    <skipped/>
  </testcase> <!-- @AfterMethod logout2 -->
  <testcase classname="CustomerPackage.Main_CustomerRegistration" name="@BeforeMethod setupTestMethod" time="0.0">
    <skipped/>
  </testcase> <!-- @BeforeMethod setupTestMethod -->
  <testcase classname="CustomerPackage.Main_CustomerRegistration" name="@AfterMethod logout2" time="0.0">
    <skipped/>
  </testcase> <!-- @AfterMethod logout2 -->
  <testcase classname="CustomerPackage.Main_CustomerRegistration" name="@BeforeMethod setupTestMethod" time="0.0">
    <skipped/>
  </testcase> <!-- @BeforeMethod setupTestMethod -->
  <testcase classname="CustomerPackage.Main_CustomerRegistration" name="@AfterMethod logout2" time="0.0">
    <skipped/>
  </testcase> <!-- @AfterMethod logout2 -->
  <testcase classname="CustomerPackage.Main_CustomerRegistration" name="@BeforeMethod setupTestMethod" time="0.0">
    <skipped/>
  </testcase> <!-- @BeforeMethod setupTestMethod -->
  <testcase classname="CustomerPackage.Main_CustomerRegistration" name="@AfterMethod logout2" time="0.0">
    <skipped/>
  </testcase> <!-- @AfterMethod logout2 -->
  <testcase classname="CustomerPackage.Main_CustomerRegistration" name="@BeforeMethod setupTestMethod" time="0.0">
    <skipped/>
  </testcase> <!-- @BeforeMethod setupTestMethod -->
  <testcase classname="CustomerPackage.Main_CustomerRegistration" name="@AfterMethod logout2" time="0.0">
    <skipped/>
  </testcase> <!-- @AfterMethod logout2 -->
  <testcase classname="CustomerPackage.Main_CustomerRegistration" name="@BeforeMethod setupTestMethod" time="0.0">
    <skipped/>
  </testcase> <!-- @BeforeMethod setupTestMethod -->
  <testcase classname="CustomerPackage.Main_CustomerRegistration" name="@AfterMethod logout2" time="0.0">
    <skipped/>
  </testcase> <!-- @AfterMethod logout2 -->
  <testcase classname="CustomerPackage.Main_CustomerRegistration" name="@BeforeMethod setupTestMethod" time="0.0">
    <skipped/>
  </testcase> <!-- @BeforeMethod setupTestMethod -->
  <testcase classname="CustomerPackage.Main_CustomerRegistration" name="@AfterMethod logout2" time="0.0">
    <skipped/>
  </testcase> <!-- @AfterMethod logout2 -->
  <testcase classname="CustomerPackage.Main_CustomerRegistration" name="@BeforeMethod setupTestMethod" time="0.0">
    <skipped/>
  </testcase> <!-- @BeforeMethod setupTestMethod -->
  <testcase classname="CustomerPackage.Main_CustomerRegistration" name="@AfterMethod logout2" time="0.0">
    <skipped/>
  </testcase> <!-- @AfterMethod logout2 -->
  <testcase classname="CustomerPackage.Main_CustomerRegistration" name="@BeforeMethod setupTestMethod" time="0.0">
    <skipped/>
  </testcase> <!-- @BeforeMethod setupTestMethod -->
  <testcase classname="CustomerPackage.Main_CustomerRegistration" name="@AfterMethod logout2" time="0.0">
    <skipped/>
  </testcase> <!-- @AfterMethod logout2 -->
  <testcase classname="CustomerPackage.Main_CustomerRegistration" name="@BeforeMethod setupTestMethod" time="0.0">
    <skipped/>
  </testcase> <!-- @BeforeMethod setupTestMethod -->
  <testcase classname="CustomerPackage.Main_CustomerRegistration" name="@AfterMethod logout2" time="0.0">
    <skipped/>
  </testcase> <!-- @AfterMethod logout2 -->
  <testcase classname="CustomerPackage.Main_CustomerRegistration" name="@BeforeMethod setupTestMethod" time="0.0">
    <skipped/>
  </testcase> <!-- @BeforeMethod setupTestMethod -->
  <testcase classname="CustomerPackage.Main_CustomerRegistration" name="@AfterMethod logout2" time="0.0">
    <skipped/>
  </testcase> <!-- @AfterMethod logout2 -->
  <testcase classname="CustomerPackage.Main_CustomerRegistration" name="@BeforeMethod setupTestMethod" time="0.0">
    <skipped/>
  </testcase> <!-- @BeforeMethod setupTestMethod -->
  <testcase classname="CustomerPackage.Main_CustomerRegistration" name="@AfterMethod logout2" time="0.0">
    <skipped/>
  </testcase> <!-- @AfterMethod logout2 -->
  <testcase classname="CustomerPackage.Main_CustomerRegistration" name="@BeforeMethod setupTestMethod" time="0.0">
    <skipped/>
  </testcase> <!-- @BeforeMethod setupTestMethod -->
  <testcase classname="CustomerPackage.Main_CustomerRegistration" name="@AfterMethod logout2" time="0.0">
    <skipped/>
  </testcase> <!-- @AfterMethod logout2 -->
  <testcase classname="CustomerPackage.Main_CustomerRegistration" name="@BeforeMethod setupTestMethod" time="0.0">
    <skipped/>
  </testcase> <!-- @BeforeMethod setupTestMethod -->
  <testcase classname="CustomerPackage.Main_CustomerRegistration" name="@AfterMethod logout2" time="0.0">
    <skipped/>
  </testcase> <!-- @AfterMethod logout2 -->
  <testcase classname="CustomerPackage.Main_CustomerRegistration" name="@BeforeMethod setupTestMethod" time="0.0">
    <skipped/>
  </testcase> <!-- @BeforeMethod setupTestMethod -->
  <testcase classname="CustomerPackage.Main_CustomerRegistration" name="@AfterMethod logout2" time="0.0">
    <skipped/>
  </testcase> <!-- @AfterMethod logout2 -->
  <testcase classname="CustomerPackage.Main_CustomerRegistration" name="@BeforeMethod setupTestMethod" time="0.0">
    <skipped/>
  </testcase> <!-- @BeforeMethod setupTestMethod -->
  <testcase classname="CustomerPackage.Main_CustomerRegistration" name="@AfterMethod logout2" time="0.0">
    <skipped/>
  </testcase> <!-- @AfterMethod logout2 -->
  <testcase classname="CustomerPackage.Main_CustomerRegistration" name="@BeforeMethod setupTestMethod" time="0.0">
    <skipped/>
  </testcase> <!-- @BeforeMethod setupTestMethod -->
  <testcase classname="CustomerPackage.Main_CustomerRegistration" name="@AfterMethod logout2" time="0.0">
    <skipped/>
  </testcase> <!-- @AfterMethod logout2 -->
  <testcase classname="CustomerPackage.Main_CustomerRegistration" name="@BeforeMethod setupTestMethod" time="0.0">
    <skipped/>
  </testcase> <!-- @BeforeMethod setupTestMethod -->
  <testcase classname="CustomerPackage.Main_CustomerRegistration" name="@AfterMethod logout2" time="0.0">
    <skipped/>
  </testcase> <!-- @AfterMethod logout2 -->
  <testcase classname="CustomerPackage.Main_CustomerRegistration" name="@BeforeMethod setupTestMethod" time="0.0">
    <skipped/>
  </testcase> <!-- @BeforeMethod setupTestMethod -->
  <testcase classname="CustomerPackage.Main_CustomerRegistration" name="@AfterMethod logout2" time="0.0">
    <skipped/>
  </testcase> <!-- @AfterMethod logout2 -->
  <testcase classname="CustomerPackage.Main_CustomerRegistration" name="UpdateValidation" time="17.583">
    <failure type="org.openqa.selenium.ElementNotVisibleException" message="element not visible
  (Session info: chrome=68.0.3440.106)
  (Driver info: chromedriver=2.37.543627 (63642262d9fb93fb4ab52398be4286d844092a5e),platform=Windows NT 10.0.17134 x86_64) (WARNING: The server did not provide any stacktrace information)
Command duration or timeout: 267 milliseconds
Build info: version: &amp;apos;2.53.1&amp;apos;, revision: &amp;apos;a36b8b1cd5757287168e54b817830adce9b0158d&amp;apos;, time: &amp;apos;2016-06-30 19:26:09&amp;apos;
System info: host: &amp;apos;LTRISHI&amp;apos;, ip: &amp;apos;192.168.1.138&amp;apos;, os.name: &amp;apos;Windows 10&amp;apos;, os.arch: &amp;apos;amd64&amp;apos;, os.version: &amp;apos;10.0&amp;apos;, java.version: &amp;apos;10.0.2&amp;apos;
Driver info: org.openqa.selenium.chrome.ChromeDriver
Capabilities [{applicationCacheEnabled=false, rotatable=false, mobileEmulationEnabled=false, networkConnectionEnabled=false, chrome={chromedriverVersion=2.37.543627 (63642262d9fb93fb4ab52398be4286d844092a5e), userDataDir=C:\Users\Saleena\AppData\Local\Temp\scoped_dir24332_24142}, takesHeapSnapshot=true, pageLoadStrategy=normal, databaseEnabled=false, handlesAlerts=true, hasTouchScreen=false, version=68.0.3440.106, platform=XP, browserConnectionEnabled=false, nativeEvents=true, acceptSslCerts=false, acceptInsecureCerts=false, locationContextEnabled=true, webStorageEnabled=true, browserName=chrome, takesScreenshot=true, javascriptEnabled=true, cssSelectorsEnabled=true, setWindowRect=true, unexpectedAlertBehaviour=}]
Session ID: c5da1928b01a15a28407f12f9a95629f">
      <![CDATA[org.openqa.selenium.ElementNotVisibleException: element not visible
  (Session info: chrome=68.0.3440.106)
  (Driver info: chromedriver=2.37.543627 (63642262d9fb93fb4ab52398be4286d844092a5e),platform=Windows NT 10.0.17134 x86_64) (WARNING: The server did not provide any stacktrace information)
Command duration or timeout: 267 milliseconds
Build info: version: '2.53.1', revision: 'a36b8b1cd5757287168e54b817830adce9b0158d', time: '2016-06-30 19:26:09'
System info: host: 'LTRISHI', ip: '192.168.1.138', os.name: 'Windows 10', os.arch: 'amd64', os.version: '10.0', java.version: '10.0.2'
Driver info: org.openqa.selenium.chrome.ChromeDriver
Capabilities [{applicationCacheEnabled=false, rotatable=false, mobileEmulationEnabled=false, networkConnectionEnabled=false, chrome={chromedriverVersion=2.37.543627 (63642262d9fb93fb4ab52398be4286d844092a5e), userDataDir=C:\Users\Saleena\AppData\Local\Temp\scoped_dir24332_24142}, takesHeapSnapshot=true, pageLoadStrategy=normal, databaseEnabled=false, handlesAlerts=true, hasTouchScreen=false, version=68.0.3440.106, platform=XP, browserConnectionEnabled=false, nativeEvents=true, acceptSslCerts=false, acceptInsecureCerts=false, locationContextEnabled=true, webStorageEnabled=true, browserName=chrome, takesScreenshot=true, javascriptEnabled=true, cssSelectorsEnabled=true, setWindowRect=true, unexpectedAlertBehaviour=}]
Session ID: c5da1928b01a15a28407f12f9a95629f
at org.openqa.selenium.remote.ErrorHandler.createThrowable(ErrorHandler.java:206)
at org.openqa.selenium.remote.ErrorHandler.throwIfResponseFailed(ErrorHandler.java:158)
at org.openqa.selenium.remote.RemoteWebDriver.execute(RemoteWebDriver.java:678)
at org.openqa.selenium.remote.RemoteWebElement.execute(RemoteWebElement.java:327)
at org.openqa.selenium.remote.RemoteWebElement.click(RemoteWebElement.java:85)
at CustomerPackage.CustomerRegClass.Customer_RemitterType(CustomerRegClass.java:84)
at CustomerPackage.Main_CustomerRegistration.RegistrationScenarios(Main_CustomerRegistration.java:69)
at CustomerPackage.Main_CustomerRegistration.UpdateValidation(Main_CustomerRegistration.java:51)
... Removed 29 stack frames]]>
    </failure>
  </testcase> <!-- UpdateValidation -->
  <testcase classname="CustomerPackage.Main_CustomerRegistration" name="UpdateValidation" time="0.0">
    <skipped/>
  </testcase> <!-- UpdateValidation -->
  <testcase classname="CustomerPackage.Main_CustomerRegistration" name="UpdateValidation" time="0.0">
    <skipped/>
  </testcase> <!-- UpdateValidation -->
  <testcase classname="CustomerPackage.Main_CustomerRegistration" name="UpdateValidation" time="0.0">
    <skipped/>
  </testcase> <!-- UpdateValidation -->
  <testcase classname="CustomerPackage.Main_CustomerRegistration" name="UpdateValidation" time="0.0">
    <skipped/>
  </testcase> <!-- UpdateValidation -->
  <testcase classname="CustomerPackage.Main_CustomerRegistration" name="UpdateValidation" time="0.0">
    <skipped/>
  </testcase> <!-- UpdateValidation -->
  <testcase classname="CustomerPackage.Main_CustomerRegistration" name="UpdateValidation" time="0.0">
    <skipped/>
  </testcase> <!-- UpdateValidation -->
  <testcase classname="CustomerPackage.Main_CustomerRegistration" name="UpdateValidation" time="0.0">
    <skipped/>
  </testcase> <!-- UpdateValidation -->
  <testcase classname="CustomerPackage.Main_CustomerRegistration" name="UpdateValidation" time="0.0">
    <skipped/>
  </testcase> <!-- UpdateValidation -->
  <testcase classname="CustomerPackage.Main_CustomerRegistration" name="UpdateValidation" time="0.0">
    <skipped/>
  </testcase> <!-- UpdateValidation -->
  <testcase classname="CustomerPackage.Main_CustomerRegistration" name="UpdateValidation" time="0.0">
    <skipped/>
  </testcase> <!-- UpdateValidation -->
  <testcase classname="CustomerPackage.Main_CustomerRegistration" name="UpdateValidation" time="0.0">
    <skipped/>
  </testcase> <!-- UpdateValidation -->
  <testcase classname="CustomerPackage.Main_CustomerRegistration" name="UpdateValidation" time="0.0">
    <skipped/>
  </testcase> <!-- UpdateValidation -->
  <testcase classname="CustomerPackage.Main_CustomerRegistration" name="UpdateValidation" time="0.0">
    <skipped/>
  </testcase> <!-- UpdateValidation -->
  <testcase classname="CustomerPackage.Main_CustomerRegistration" name="UpdateValidation" time="0.0">
    <skipped/>
  </testcase> <!-- UpdateValidation -->
  <testcase classname="CustomerPackage.Main_CustomerRegistration" name="UpdateValidation" time="0.0">
    <skipped/>
  </testcase> <!-- UpdateValidation -->
  <testcase classname="CustomerPackage.Main_CustomerRegistration" name="UpdateValidation" time="0.0">
    <skipped/>
  </testcase> <!-- UpdateValidation -->
  <testcase classname="CustomerPackage.Main_CustomerRegistration" name="UpdateValidation" time="0.0">
    <skipped/>
  </testcase> <!-- UpdateValidation -->
  <testcase classname="CustomerPackage.Main_CustomerRegistration" name="UpdateValidation" time="0.0">
    <skipped/>
  </testcase> <!-- UpdateValidation -->
  <testcase classname="CustomerPackage.Main_CustomerRegistration" name="UpdateValidation" time="0.0">
    <skipped/>
  </testcase> <!-- UpdateValidation -->
  <testcase classname="CustomerPackage.Main_CustomerRegistration" name="UpdateValidation" time="0.0">
    <skipped/>
  </testcase> <!-- UpdateValidation -->
  <testcase classname="CustomerPackage.Main_CustomerRegistration" name="UpdateValidation" time="0.0">
    <skipped/>
  </testcase> <!-- UpdateValidation -->
  <testcase classname="CustomerPackage.Main_CustomerRegistration" name="UpdateValidation" time="0.0">
    <skipped/>
  </testcase> <!-- UpdateValidation -->
  <testcase classname="CustomerPackage.Main_CustomerRegistration" name="UpdateValidation" time="0.0">
    <skipped/>
  </testcase> <!-- UpdateValidation -->
  <testcase classname="CustomerPackage.Main_CustomerRegistration" name="UpdateValidation" time="0.0">
    <skipped/>
  </testcase> <!-- UpdateValidation -->
  <testcase classname="CustomerPackage.Main_CustomerRegistration" name="UpdateValidation" time="0.0">
    <skipped/>
  </testcase> <!-- UpdateValidation -->
  <testcase classname="CustomerPackage.Main_CustomerRegistration" name="UpdateValidation" time="0.0">
    <skipped/>
  </testcase> <!-- UpdateValidation -->
  <testcase classname="CustomerPackage.Main_CustomerRegistration" name="UpdateValidation" time="0.0">
    <skipped/>
  </testcase> <!-- UpdateValidation -->
  <testcase classname="CustomerPackage.Main_CustomerRegistration" name="UpdateValidation" time="0.0">
    <skipped/>
  </testcase> <!-- UpdateValidation -->
  <testcase classname="CustomerPackage.Main_CustomerRegistration" name="UpdateValidation" time="0.0">
    <skipped/>
  </testcase> <!-- UpdateValidation -->
  <testcase classname="CustomerPackage.Main_CustomerRegistration" name="UpdateValidation" time="0.0">
    <skipped/>
  </testcase> <!-- UpdateValidation -->
  <testcase classname="CustomerPackage.Main_CustomerRegistration" name="UpdateValidation" time="0.0">
    <skipped/>
  </testcase> <!-- UpdateValidation -->
  <testcase classname="CustomerPackage.Main_CustomerRegistration" name="UpdateValidation" time="0.0">
    <skipped/>
  </testcase> <!-- UpdateValidation -->
  <testcase classname="CustomerPackage.Main_CustomerRegistration" name="UpdateValidation" time="0.0">
    <skipped/>
  </testcase> <!-- UpdateValidation -->
  <testcase classname="CustomerPackage.Main_CustomerRegistration" name="UpdateValidation" time="0.0">
    <skipped/>
  </testcase> <!-- UpdateValidation -->
  <testcase classname="CustomerPackage.Main_CustomerRegistration" name="UpdateValidation" time="0.0">
    <skipped/>
  </testcase> <!-- UpdateValidation -->
  <testcase classname="CustomerPackage.Main_CustomerRegistration" name="UpdateValidation" time="0.0">
    <skipped/>
  </testcase> <!-- UpdateValidation -->
  <testcase classname="CustomerPackage.Main_CustomerRegistration" name="UpdateValidation" time="0.0">
    <skipped/>
  </testcase> <!-- UpdateValidation -->
  <testcase classname="CustomerPackage.Main_CustomerRegistration" name="UpdateValidation" time="0.0">
    <skipped/>
  </testcase> <!-- UpdateValidation -->
  <testcase classname="CustomerPackage.Main_CustomerRegistration" name="UpdateValidation" time="0.0">
    <skipped/>
  </testcase> <!-- UpdateValidation -->
  <testcase classname="CustomerPackage.Main_CustomerRegistration" name="UpdateValidation" time="0.0">
    <skipped/>
  </testcase> <!-- UpdateValidation -->
  <testcase classname="CustomerPackage.Main_CustomerRegistration" name="UpdateValidation" time="0.0">
    <skipped/>
  </testcase> <!-- UpdateValidation -->
  <testcase classname="CustomerPackage.Main_CustomerRegistration" name="UpdateValidation" time="0.0">
    <skipped/>
  </testcase> <!-- UpdateValidation -->
  <testcase classname="CustomerPackage.Main_CustomerRegistration" name="UpdateValidation" time="0.0">
    <skipped/>
  </testcase> <!-- UpdateValidation -->
  <testcase classname="CustomerPackage.Main_CustomerRegistration" name="UpdateValidation" time="0.0">
    <skipped/>
  </testcase> <!-- UpdateValidation -->
  <testcase classname="CustomerPackage.Main_CustomerRegistration" name="UpdateValidation" time="0.0">
    <skipped/>
  </testcase> <!-- UpdateValidation -->
  <testcase classname="CustomerPackage.Main_CustomerRegistration" name="UpdateValidation" time="0.0">
    <skipped/>
  </testcase> <!-- UpdateValidation -->
  <testcase classname="CustomerPackage.Main_CustomerRegistration" name="UpdateValidation" time="0.0">
    <skipped/>
  </testcase> <!-- UpdateValidation -->
  <testcase classname="CustomerPackage.Main_CustomerRegistration" name="UpdateValidation" time="0.0">
    <skipped/>
  </testcase> <!-- UpdateValidation -->
  <testcase classname="CustomerPackage.Main_CustomerRegistration" name="UpdateValidation" time="0.0">
    <skipped/>
  </testcase> <!-- UpdateValidation -->
  <testcase classname="CustomerPackage.Main_CustomerRegistration" name="UpdateValidation" time="0.0">
    <skipped/>
  </testcase> <!-- UpdateValidation -->
  <testcase classname="CustomerPackage.Main_CustomerRegistration" name="UpdateValidation" time="0.0">
    <skipped/>
  </testcase> <!-- UpdateValidation -->
  <testcase classname="CustomerPackage.Main_CustomerRegistration" name="UpdateValidation" time="0.0">
    <skipped/>
  </testcase> <!-- UpdateValidation -->
  <testcase classname="CustomerPackage.Main_CustomerRegistration" name="UpdateValidation" time="0.0">
    <skipped/>
  </testcase> <!-- UpdateValidation -->
  <testcase classname="CustomerPackage.Main_CustomerRegistration" name="UpdateValidation" time="0.0">
    <skipped/>
  </testcase> <!-- UpdateValidation -->
  <testcase classname="CustomerPackage.Main_CustomerRegistration" name="UpdateValidation" time="0.0">
    <skipped/>
  </testcase> <!-- UpdateValidation -->
  <testcase classname="CustomerPackage.Main_CustomerRegistration" name="UpdateValidation" time="0.0">
    <skipped/>
  </testcase> <!-- UpdateValidation -->
  <testcase classname="CustomerPackage.Main_CustomerRegistration" name="UpdateValidation" time="0.0">
    <skipped/>
  </testcase> <!-- UpdateValidation -->
  <testcase classname="CustomerPackage.Main_CustomerRegistration" name="UpdateValidation" time="0.0">
    <skipped/>
  </testcase> <!-- UpdateValidation -->
  <testcase classname="CustomerPackage.Main_CustomerRegistration" name="UpdateValidation" time="0.0">
    <skipped/>
  </testcase> <!-- UpdateValidation -->
  <testcase classname="CustomerPackage.Main_CustomerRegistration" name="UpdateValidation" time="0.0">
    <skipped/>
  </testcase> <!-- UpdateValidation -->
  <testcase classname="CustomerPackage.Main_CustomerRegistration" name="UpdateValidation" time="0.0">
    <skipped/>
  </testcase> <!-- UpdateValidation -->
  <testcase classname="CustomerPackage.Main_CustomerRegistration" name="UpdateValidation" time="0.0">
    <skipped/>
  </testcase> <!-- UpdateValidation -->
  <testcase classname="CustomerPackage.Main_CustomerRegistration" name="UpdateValidation" time="0.0">
    <skipped/>
  </testcase> <!-- UpdateValidation -->
  <testcase classname="CustomerPackage.Main_CustomerRegistration" name="UpdateValidation" time="0.0">
    <skipped/>
  </testcase> <!-- UpdateValidation -->
  <testcase classname="CustomerPackage.Main_CustomerRegistration" name="UpdateValidation" time="0.0">
    <skipped/>
  </testcase> <!-- UpdateValidation -->
  <testcase classname="CustomerPackage.Main_CustomerRegistration" name="UpdateValidation" time="0.0">
    <skipped/>
  </testcase> <!-- UpdateValidation -->
  <testcase classname="CustomerPackage.Main_CustomerRegistration" name="UpdateValidation" time="0.0">
    <skipped/>
  </testcase> <!-- UpdateValidation -->
  <testcase classname="CustomerPackage.Main_CustomerRegistration" name="UpdateValidation" time="0.0">
    <skipped/>
  </testcase> <!-- UpdateValidation -->
  <testcase classname="CustomerPackage.Main_CustomerRegistration" name="UpdateValidation" time="0.0">
    <skipped/>
  </testcase> <!-- UpdateValidation -->
  <testcase classname="CustomerPackage.Main_CustomerRegistration" name="UpdateValidation" time="0.0">
    <skipped/>
  </testcase> <!-- UpdateValidation -->
  <testcase classname="CustomerPackage.Main_CustomerRegistration" name="UpdateValidation" time="0.0">
    <skipped/>
  </testcase> <!-- UpdateValidation -->
  <testcase classname="CustomerPackage.Main_CustomerRegistration" name="UpdateValidation" time="0.0">
    <skipped/>
  </testcase> <!-- UpdateValidation -->
  <testcase classname="CustomerPackage.Main_CustomerRegistration" name="UpdateValidation" time="0.0">
    <skipped/>
  </testcase> <!-- UpdateValidation -->
  <testcase classname="CustomerPackage.Main_CustomerRegistration" name="UpdateValidation" time="0.0">
    <skipped/>
  </testcase> <!-- UpdateValidation -->
  <testcase classname="CustomerPackage.Main_CustomerRegistration" name="UpdateValidation" time="0.0">
    <skipped/>
  </testcase> <!-- UpdateValidation -->
  <testcase classname="CustomerPackage.Main_CustomerRegistration" name="UpdateValidation" time="0.0">
    <skipped/>
  </testcase> <!-- UpdateValidation -->
  <testcase classname="CustomerPackage.Main_CustomerRegistration" name="UpdateValidation" time="0.0">
    <skipped/>
  </testcase> <!-- UpdateValidation -->
  <testcase classname="CustomerPackage.Main_CustomerRegistration" name="UpdateValidation" time="0.0">
    <skipped/>
  </testcase> <!-- UpdateValidation -->
  <testcase classname="CustomerPackage.Main_CustomerRegistration" name="UpdateValidation" time="0.0">
    <skipped/>
  </testcase> <!-- UpdateValidation -->
  <testcase classname="CustomerPackage.Main_CustomerRegistration" name="UpdateValidation" time="0.0">
    <skipped/>
  </testcase> <!-- UpdateValidation -->
  <testcase classname="CustomerPackage.Main_CustomerRegistration" name="UpdateValidation" time="0.0">
    <skipped/>
  </testcase> <!-- UpdateValidation -->
  <testcase classname="CustomerPackage.Main_CustomerRegistration" name="UpdateValidation" time="0.0">
    <skipped/>
  </testcase> <!-- UpdateValidation -->
  <testcase classname="CustomerPackage.Main_CustomerRegistration" name="UpdateValidation" time="0.0">
    <skipped/>
  </testcase> <!-- UpdateValidation -->
  <testcase classname="CustomerPackage.Main_CustomerRegistration" name="UpdateValidation" time="0.0">
    <skipped/>
  </testcase> <!-- UpdateValidation -->
  <testcase classname="CustomerPackage.Main_CustomerRegistration" name="UpdateValidation" time="0.0">
    <skipped/>
  </testcase> <!-- UpdateValidation -->
  <testcase classname="CustomerPackage.Main_CustomerRegistration" name="UpdateValidation" time="0.0">
    <skipped/>
  </testcase> <!-- UpdateValidation -->
  <testcase classname="CustomerPackage.Main_CustomerRegistration" name="UpdateValidation" time="0.0">
    <skipped/>
  </testcase> <!-- UpdateValidation -->
  <testcase classname="CustomerPackage.Main_CustomerRegistration" name="UpdateValidation" time="0.0">
    <skipped/>
  </testcase> <!-- UpdateValidation -->
  <testcase classname="CustomerPackage.Main_CustomerRegistration" name="UpdateValidation" time="0.0">
    <skipped/>
  </testcase> <!-- UpdateValidation -->
</testsuite> <!-- Test -->
